<?xml version="1.0" encoding="UTF-8"?>
<!-- Generated by org.testng.reporters.JUnitXMLReporter -->
<testsuite hostname="ABS149" name="reports" tests="1" failures="0" timestamp="22 Jun 2016 13:15:07 GMT" time="62.132" errors="0">
  <testcase name="@BeforeClass initialisation" time="0.0" classname="yandex.com.web.tests.Test_1">
    <failure type="org.openqa.selenium.WebDriverException" message="unknown error: unable to discover open pages
  (Driver info: chromedriver=2.20.353145 (343b531d31eeb933ec778dbcf7081628a1396067),platform=Windows NT 6.1 SP1 x86_64) (WARNING: The server did not provide any stacktrace information)
Command duration or timeout: 61.00 seconds
Build info: version: &amp;apos;2.53.0&amp;apos;, revision: &amp;apos;35ae25b1534ae328c771e0856c93e187490ca824&amp;apos;, time: &amp;apos;2016-03-15 10:43:46&amp;apos;
System info: host: &amp;apos;ABS149&amp;apos;, ip: &amp;apos;192.168.79.106&amp;apos;, os.name: &amp;apos;Windows 7&amp;apos;, os.arch: &amp;apos;amd64&amp;apos;, os.version: &amp;apos;6.1&amp;apos;, java.version: &amp;apos;1.8.0_91&amp;apos;
Driver info: org.openqa.selenium.chrome.ChromeDriver">
      <![CDATA[org.openqa.selenium.WebDriverException: unknown error: unable to discover open pages
  (Driver info: chromedriver=2.20.353145 (343b531d31eeb933ec778dbcf7081628a1396067),platform=Windows NT 6.1 SP1 x86_64) (WARNING: The server did not provide any stacktrace information)
Command duration or timeout: 61.00 seconds
Build info: version: '2.53.0', revision: '35ae25b1534ae328c771e0856c93e187490ca824', time: '2016-03-15 10:43:46'
System info: host: 'ABS149', ip: '192.168.79.106', os.name: 'Windows 7', os.arch: 'amd64', os.version: '6.1', java.version: '1.8.0_91'
Driver info: org.openqa.selenium.chrome.ChromeDriver
	at org.openqa.selenium.remote.ErrorHandler.createThrowable(ErrorHandler.java:206)
	at org.openqa.selenium.remote.ErrorHandler.throwIfResponseFailed(ErrorHandler.java:158)
	at org.openqa.selenium.remote.RemoteWebDriver.execute(RemoteWebDriver.java:678)
	at org.openqa.selenium.remote.RemoteWebDriver.startSession(RemoteWebDriver.java:249)
	at org.openqa.selenium.remote.RemoteWebDriver.<init>(RemoteWebDriver.java:131)
	at org.openqa.selenium.remote.RemoteWebDriver.<init>(RemoteWebDriver.java:144)
	at org.openqa.selenium.chrome.ChromeDriver.<init>(ChromeDriver.java:170)
	at org.openqa.selenium.chrome.ChromeDriver.<init>(ChromeDriver.java:159)
	at org.openqa.selenium.chrome.ChromeDriver.<init>(ChromeDriver.java:116)
	at yandex.com.web.SiteManager.pages.Browser.getDriver(Browser.java:10)
	at yandex.com.web.SiteManager.pages.BasePage.getDriver(BasePage.java:10)
	at yandex.com.web.SiteManager.SiteManager.<init>(SiteManager.java:34)
	at yandex.com.web.tests.BaseTest.initialisation(BaseTest.java:63)
... Removed 37 stack frames]]>
    </failure>
  </testcase> <!-- @BeforeClass initialisation -->
  <testcase name="@AfterClass offTestServer" time="0.0" classname="yandex.com.web.tests.Test_1">
    <failure type="java.lang.NullPointerException">
      <![CDATA[java.lang.NullPointerException
	at yandex.com.web.tests.BaseTest.offTestServer(BaseTest.java:69)
... Removed 33 stack frames]]>
    </failure>
  </testcase> <!-- @AfterClass offTestServer -->
  <testcase name="TestFunctions" time="0.001" classname="yandex.com.web.tests.Test_1">
    <skipped/>
  </testcase> <!-- TestFunctions -->
</testsuite> <!-- reports -->
