<?xml version="1.0" encoding="UTF-8"?>
<!-- Generated by org.testng.reporters.JUnitXMLReporter -->
<testsuite hostname="ABS149" name="reports" tests="1" failures="0" timestamp="16 Jun 2016 11:07:46 GMT" time="0.088" errors="0">
  <testcase name="@BeforeClass initialisation" time="0.0" classname="yandex.com.web.tests.Test_1">
    <failure type="org.openqa.selenium.WebDriverException" message="Cannot find firefox binary in PATH. Make sure firefox is installed. OS appears to be: VISTA
Build info: version: &amp;apos;2.53.0&amp;apos;, revision: &amp;apos;35ae25b1534ae328c771e0856c93e187490ca824&amp;apos;, time: &amp;apos;2016-03-15 10:43:46&amp;apos;
System info: host: &amp;apos;ABS149&amp;apos;, ip: &amp;apos;192.168.79.106&amp;apos;, os.name: &amp;apos;Windows 7&amp;apos;, os.arch: &amp;apos;amd64&amp;apos;, os.version: &amp;apos;6.1&amp;apos;, java.version: &amp;apos;1.8.0_91&amp;apos;
Driver info: driver.version: FirefoxDriver">
      <![CDATA[org.openqa.selenium.WebDriverException: Cannot find firefox binary in PATH. Make sure firefox is installed. OS appears to be: VISTA
Build info: version: '2.53.0', revision: '35ae25b1534ae328c771e0856c93e187490ca824', time: '2016-03-15 10:43:46'
System info: host: 'ABS149', ip: '192.168.79.106', os.name: 'Windows 7', os.arch: 'amd64', os.version: '6.1', java.version: '1.8.0_91'
Driver info: driver.version: FirefoxDriver
	at org.openqa.selenium.firefox.internal.Executable.<init>(Executable.java:75)
	at org.openqa.selenium.firefox.FirefoxBinary.<init>(FirefoxBinary.java:60)
	at org.openqa.selenium.firefox.FirefoxBinary.<init>(FirefoxBinary.java:56)
	at org.openqa.selenium.firefox.FirefoxDriver.<init>(FirefoxDriver.java:120)
	at yandex.com.web.tests.BaseTest.initialisation(BaseTest.java:18)
... Removed 33 stack frames]]>
    </failure>
  </testcase> <!-- @BeforeClass initialisation -->
  <testcase name="@AfterClass offTestServer" time="0.0" classname="yandex.com.web.tests.Test_1">
    <failure type="java.lang.NullPointerException">
      <![CDATA[java.lang.NullPointerException
	at yandex.com.web.tests.BaseTest.offTestServer(BaseTest.java:25)
... Removed 33 stack frames]]>
    </failure>
  </testcase> <!-- @AfterClass offTestServer -->
  <testcase name="TestFunctions" time="0.0" classname="yandex.com.web.tests.Test_1">
    <skipped/>
  </testcase> <!-- TestFunctions -->
</testsuite> <!-- reports -->
