<?xml version="1.0" encoding="UTF-8"?>
<!-- Generated by org.testng.reporters.JUnitXMLReporter -->
<testsuite hostname="ABS149" name="reports" tests="1" failures="0" timestamp="17 Jun 2016 10:01:33 GMT" time="0.306" errors="0">
  <testcase name="@BeforeClass initialisation" time="0.0" classname="yandex.com.web.tests.Test_1">
    <failure type="java.lang.NoClassDefFoundError" message="org/openqa/selenium/remote/service/DriverService$Builder">
      <![CDATA[java.lang.NoClassDefFoundError: org/openqa/selenium/remote/service/DriverService$Builder
	at java.lang.ClassLoader.defineClass1(Native Method)
	at java.lang.ClassLoader.defineClass(ClassLoader.java:763)
	at java.security.SecureClassLoader.defineClass(SecureClassLoader.java:142)
	at java.net.URLClassLoader.defineClass(URLClassLoader.java:467)
	at java.net.URLClassLoader.access$100(URLClassLoader.java:73)
	at java.net.URLClassLoader$1.run(URLClassLoader.java:368)
	at java.net.URLClassLoader$1.run(URLClassLoader.java:362)
	at java.security.AccessController.doPrivileged(Native Method)
	at java.net.URLClassLoader.findClass(URLClassLoader.java:361)
	at java.lang.ClassLoader.loadClass(ClassLoader.java:424)
	at sun.misc.Launcher$AppClassLoader.loadClass(Launcher.java:331)
	at java.lang.ClassLoader.loadClass(ClassLoader.java:357)
	at org.openqa.selenium.chrome.ChromeDriverService.createDefaultService(ChromeDriverService.java:88)
	at org.openqa.selenium.chrome.ChromeDriver.<init>(ChromeDriver.java:116)
	at yandex.com.web.tests.BaseTest.initialisation(BaseTest.java:25)
Caused by: java.lang.ClassNotFoundException: org.openqa.selenium.remote.service.DriverService$Builder
	at java.net.URLClassLoader.findClass(URLClassLoader.java:381)
	at java.lang.ClassLoader.loadClass(ClassLoader.java:424)
	at sun.misc.Launcher$AppClassLoader.loadClass(Launcher.java:331)
	at java.lang.ClassLoader.loadClass(ClassLoader.java:357)
	... 40 more
... Removed 25 stack frames]]>
    </failure>
  </testcase> <!-- @BeforeClass initialisation -->
  <testcase name="@AfterClass offTestServer" time="0.0" classname="yandex.com.web.tests.Test_1">
    <failure type="java.lang.NullPointerException">
      <![CDATA[java.lang.NullPointerException
	at yandex.com.web.tests.BaseTest.offTestServer(BaseTest.java:49)
... Removed 25 stack frames]]>
    </failure>
  </testcase> <!-- @AfterClass offTestServer -->
  <testcase name="TestFunctions" time="0.001" classname="yandex.com.web.tests.Test_1">
    <skipped/>
  </testcase> <!-- TestFunctions -->
</testsuite> <!-- reports -->
